TN:
SF:user-data.ts
FNF:0
FNH:0
DA:1,1
DA:2,1
DA:3,1
DA:4,1
DA:5,1
DA:6,1
DA:7,1
DA:8,1
DA:9,1
DA:10,1
DA:11,1
DA:12,1
DA:13,1
DA:14,1
DA:15,1
DA:16,1
DA:17,1
DA:18,1
DA:19,1
DA:20,1
DA:21,1
LF:21
LH:21
BRF:0
BRH:0
end_of_record
TN:
SF:src\core\driver.ts
FN:11,Driver
FN:13,start
FN:24,get Page
FN:27,getInstance
FN:33,isElementDisplayed
FN:38,closeDriver
FN:43,browserFactory
FNF:7
FNH:6
FNDA:3,Driver
FNDA:3,start
FNDA:9,get Page
FNDA:3,getInstance
FNDA:0,isElementDisplayed
FNDA:3,closeDriver
FNDA:3,browserFactory
DA:1,1
DA:2,1
DA:3,1
DA:4,1
DA:5,1
DA:6,1
DA:7,1
DA:8,1
DA:9,1
DA:10,1
DA:11,1
DA:12,1
DA:13,1
DA:14,3
DA:15,3
DA:16,3
DA:17,3
DA:18,3
DA:19,3
DA:20,3
DA:21,3
DA:22,3
DA:23,1
DA:24,1
DA:25,9
DA:26,9
DA:27,1
DA:28,3
DA:29,3
DA:30,3
DA:31,3
DA:32,3
DA:33,1
DA:34,0
DA:35,0
DA:36,0
DA:37,0
DA:38,1
DA:39,3
DA:40,3
DA:41,3
DA:42,1
DA:43,1
DA:44,3
DA:45,3
DA:46,3
DA:47,3
DA:48,3
DA:49,3
DA:50,0
DA:51,0
DA:52,3
DA:53,3
DA:54,1
DA:55,1
LF:55
LH:49
BRDA:11,0,0,3
BRDA:13,1,0,3
BRDA:24,2,0,9
BRDA:27,3,0,3
BRDA:38,4,0,3
BRDA:43,5,0,3
BRDA:49,6,0,0
BRF:7
BRH:6
end_of_record
TN:
SF:src\core\element-actions.ts
FN:5,clickElement
FN:8,isLocatorVisible
FN:11,getText
FN:14,setTex
FN:17,wait
FNF:5
FNH:2
FNDA:5,clickElement
FNDA:0,isLocatorVisible
FNDA:0,getText
FNDA:1,setTex
FNDA:0,wait
DA:1,1
DA:2,1
DA:3,1
DA:4,1
DA:5,1
DA:6,5
DA:7,0
DA:8,1
DA:9,0
DA:10,0
DA:11,1
DA:12,0
DA:13,0
DA:14,1
DA:15,1
DA:16,0
DA:17,1
DA:18,0
DA:19,0
DA:20,0
DA:21,1
DA:22,1
LF:22
LH:13
BRDA:5,0,0,5
BRDA:7,1,0,0
BRDA:14,2,0,1
BRDA:16,3,0,0
BRF:4
BRH:2
end_of_record
TN:
SF:src\pages\base-pages.ts
FN:5,BasePage
FN:9,getUrl
FN:13,navigateTo
FN:16,getPageTitle
FNF:4
FNH:2
FNDA:9,BasePage
FNDA:0,getUrl
FNDA:3,navigateTo
FNDA:0,getPageTitle
DA:1,1
DA:2,1
DA:3,1
DA:4,1
DA:5,1
DA:6,9
DA:7,9
DA:8,1
DA:9,1
DA:10,0
DA:11,0
DA:12,1
DA:13,1
DA:14,3
DA:15,3
DA:16,1
DA:17,1
LF:17
LH:15
BRDA:5,0,0,9
BRDA:13,1,0,3
BRF:2
BRH:2
end_of_record
TN:
SF:src\pages\checkout-page.ts
FN:9,CheckoutPage
FN:12,checkoutPage
FN:16,validateLoginTab
FNF:3
FNH:0
FNDA:0,CheckoutPage
FNDA:0,checkoutPage
FNDA:0,validateLoginTab
DA:1,1
DA:2,1
DA:3,1
DA:4,1
DA:5,1
DA:6,1
DA:7,1
DA:8,1
DA:9,1
DA:10,0
DA:11,0
DA:12,1
DA:13,0
DA:14,0
DA:15,0
DA:16,1
DA:17,0
DA:18,0
DA:19,0
DA:20,1
LF:20
LH:12
BRF:0
BRH:0
end_of_record
TN:
SF:src\pages\inventory-page.ts
FN:9,InventoryPage
FN:13,InventoryPage.itemNameButton
FN:14,InventoryPage.itemAddCartButton
FN:20,addToCartItem
FN:27,getTotalshopping
FN:33,deleteItem
FN:38,clickplaceOrderButton
FN:42,validateItemAdded
FNF:8
FNH:4
FNDA:1,InventoryPage
FNDA:1,InventoryPage.itemNameButton
FNDA:0,InventoryPage.itemAddCartButton
FNDA:1,addToCartItem
FNDA:0,getTotalshopping
FNDA:0,deleteItem
FNDA:1,clickplaceOrderButton
FNDA:0,validateItemAdded
DA:1,1
DA:2,1
DA:3,1
DA:4,1
DA:5,1
DA:6,1
DA:7,1
DA:8,1
DA:9,1
DA:10,1
DA:11,1
DA:12,1
DA:13,1
DA:14,1
DA:15,1
DA:16,1
DA:17,1
DA:18,1
DA:19,1
DA:20,1
DA:21,1
DA:22,1
DA:23,0
DA:24,0
DA:25,1
DA:26,1
DA:27,1
DA:28,0
DA:29,0
DA:30,0
DA:31,0
DA:32,1
DA:33,1
DA:34,0
DA:35,0
DA:36,0
DA:37,1
DA:38,1
DA:39,1
DA:40,1
DA:41,1
DA:42,1
DA:43,0
DA:44,0
DA:45,0
DA:46,1
LF:46
LH:34
BRDA:9,0,0,1
BRDA:13,1,0,1
BRDA:20,2,0,1
BRDA:23,3,0,0
BRDA:38,4,0,1
BRF:5
BRH:4
end_of_record
TN:
SF:src\pages\login.ts
FN:12,Login
FN:15,login
FN:25,validatelogin
FNF:3
FNH:2
FNDA:6,Login
FNDA:3,login
FNDA:0,validatelogin
DA:1,1
DA:2,1
DA:3,1
DA:4,1
DA:5,1
DA:6,1
DA:7,1
DA:8,1
DA:9,1
DA:10,1
DA:11,1
DA:12,1
DA:13,6
DA:14,6
DA:15,1
DA:16,3
DA:17,3
DA:18,0
DA:19,0
DA:20,0
DA:21,0
DA:22,0
DA:23,0
DA:24,1
DA:25,1
DA:26,0
DA:27,0
DA:28,0
DA:29,1
DA:30,1
LF:30
LH:21
BRDA:12,0,0,6
BRDA:15,1,0,3
BRDA:18,2,0,0
BRF:3
BRH:2
end_of_record
TN:
SF:src\pages\place-order.ts
FN:17,PlaceOrder
FN:20,placeOrder
FN:31,clickOkButton
FN:36,validatePurchaseButton
FN:41,getCompleteOrderMessage
FNF:5
FNH:2
FNDA:2,PlaceOrder
FNDA:1,placeOrder
FNDA:0,clickOkButton
FNDA:0,validatePurchaseButton
FNDA:0,getCompleteOrderMessage
DA:1,1
DA:2,1
DA:3,1
DA:4,1
DA:5,1
DA:6,1
DA:7,1
DA:8,1
DA:9,1
DA:10,1
DA:11,1
DA:12,1
DA:13,1
DA:14,1
DA:15,1
DA:16,1
DA:17,1
DA:18,2
DA:19,2
DA:20,1
DA:21,1
DA:22,1
DA:23,0
DA:24,0
DA:25,0
DA:26,0
DA:27,0
DA:28,0
DA:29,0
DA:30,1
DA:31,1
DA:32,0
DA:33,0
DA:34,0
DA:35,1
DA:36,1
DA:37,0
DA:38,0
DA:39,0
DA:40,1
DA:41,1
DA:42,0
DA:43,0
DA:44,0
DA:45,1
DA:46,1
LF:46
LH:30
BRDA:17,0,0,2
BRDA:20,1,0,1
BRDA:23,2,0,0
BRF:3
BRH:2
end_of_record
